0 info it worked if it ends with ok
1 verbose cli [
1 verbose cli   'C:\\Program Files\\nodejs\\node.exe',
1 verbose cli   'C:\\Users\\guillaumehouthoofd\\Documents\\Benoit\\Epreuve_intégrée\\octopusjjb-reforged\\node_modules\\npm\\bin\\npm-cli.js',
1 verbose cli   'run',
1 verbose cli   'clean'
1 verbose cli ]
2 info using npm@2.15.12
3 info using node@v18.20.5
4 verbose run-script [ 'preclean', 'clean', 'postclean' ]
5 info preclean octopusjjb-reforged@1.0.0
6 info clean octopusjjb-reforged@1.0.0
7 verbose unsafe-perm in lifecycle true
8 info octopusjjb-reforged@1.0.0 Failed to exec clean script
9 verbose stack Error: octopusjjb-reforged@1.0.0 clean: `gulp clean-old-bundles`
9 verbose stack Exit status 1
9 verbose stack     at EventEmitter.<anonymous> (C:\Users\guillaumehouthoofd\Documents\Benoit\Epreuve_intégrée\octopusjjb-reforged\node_modules\npm\lib\utils\lifecycle.js:217:16)
9 verbose stack     at EventEmitter.emit (node:events:517:28)
9 verbose stack     at ChildProcess.<anonymous> (C:\Users\guillaumehouthoofd\Documents\Benoit\Epreuve_intégrée\octopusjjb-reforged\node_modules\npm\lib\utils\spawn.js:24:14)
9 verbose stack     at ChildProcess.emit (node:events:517:28)
9 verbose stack     at maybeClose (node:internal/child_process:1098:16)
9 verbose stack     at ChildProcess._handle.onexit (node:internal/child_process:303:5)
10 verbose pkgid octopusjjb-reforged@1.0.0
11 verbose cwd C:\Users\guillaumehouthoofd\Documents\Benoit\Epreuve_intégrée\octopusjjb-reforged
12 error Windows_NT 10.0.22631
13 error argv "C:\\Program Files\\nodejs\\node.exe" "C:\\Users\\guillaumehouthoofd\\Documents\\Benoit\\Epreuve_intégrée\\octopusjjb-reforged\\node_modules\\npm\\bin\\npm-cli.js" "run" "clean"
14 error node v18.20.5
15 error npm  v2.15.12
16 error code ELIFECYCLE
17 error octopusjjb-reforged@1.0.0 clean: `gulp clean-old-bundles`
17 error Exit status 1
18 error Failed at the octopusjjb-reforged@1.0.0 clean script 'gulp clean-old-bundles'.
18 error This is most likely a problem with the octopusjjb-reforged package,
18 error not with npm itself.
18 error Tell the author that this fails on your system:
18 error     gulp clean-old-bundles
18 error You can get information on how to open an issue for this project with:
18 error     npm bugs octopusjjb-reforged
18 error Or if that isn't available, you can get their info via:
18 error
18 error     npm owner ls octopusjjb-reforged
18 error There is likely additional logging output above.
19 verbose exit [ 1, true ]
